2025-01-07 01:30:29 - Starting DemoApplicationTests using Java 23.0.1 with PID 27376 (started by bmene in C:\Users\bmene\Documents\Federico II\DS Proyecto Enero\A13\T\demo)
2025-01-07 01:30:29 - No active profile set, falling back to 1 default profile: "default"
2025-01-07 01:30:31 - Bootstrapping Spring Data JPA repositories in DEFAULT mode.
2025-01-07 01:30:31 - Finished Spring Data repository scanning in 129 ms. Found 1 JPA repository interface.
2025-01-07 01:30:32 - HHH000204: Processing PersistenceUnitInfo [name: default]
2025-01-07 01:30:33 - HHH000412: Hibernate ORM core version 6.6.4.Final
2025-01-07 01:30:33 - HHH000026: Second-level cache disabled
2025-01-07 01:30:34 - No LoadTimeWeaver setup: ignoring JPA class transformer
2025-01-07 01:30:34 - HikariPool-1 - Starting...
2025-01-07 01:30:35 - HikariPool-1 - Added connection com.mysql.cj.jdbc.ConnectionImpl@a0d875d
2025-01-07 01:30:35 - HikariPool-1 - Start completed.
2025-01-07 01:30:35 - HHH90000025: MySQLDialect does not need to be specified explicitly using 'hibernate.dialect' (remove the property setting and it will be selected by default)
2025-01-07 01:30:36 - HHH10001005: Database info:
	Database JDBC URL [Connecting through datasource 'HikariDataSource (HikariPool-1)']
	Database driver: undefined/unknown
	Database version: 8.0.30
	Autocommit mode: undefined/unknown
	Isolation level: undefined/unknown
	Minimum pool size: undefined/unknown
	Maximum pool size: undefined/unknown
2025-01-07 01:30:36 - addDescriptor(12, org.hibernate.type.descriptor.sql.internal.CapacityDependentDdlType@22cd8ec2) replaced previous registration(org.hibernate.type.descriptor.sql.internal.CapacityDependentDdlType@7d977a20)
2025-01-07 01:30:36 - addDescriptor(-9, org.hibernate.type.descriptor.sql.internal.CapacityDependentDdlType@35ab4260) replaced previous registration(org.hibernate.type.descriptor.sql.internal.CapacityDependentDdlType@76134b9b)
2025-01-07 01:30:36 - addDescriptor(-3, org.hibernate.type.descriptor.sql.internal.CapacityDependentDdlType@38667005) replaced previous registration(org.hibernate.type.descriptor.sql.internal.CapacityDependentDdlType@7ee64b53)
2025-01-07 01:30:36 - addDescriptor(4003, org.hibernate.type.descriptor.sql.internal.DdlTypeImpl@1131aead) replaced previous registration(org.hibernate.type.descriptor.sql.internal.DdlTypeImpl@7d126083)
2025-01-07 01:30:36 - addDescriptor(4001, org.hibernate.type.descriptor.sql.internal.DdlTypeImpl@76ffc17c) replaced previous registration(org.hibernate.type.descriptor.sql.internal.DdlTypeImpl@3a8fb023)
2025-01-07 01:30:36 - addDescriptor(4002, org.hibernate.type.descriptor.sql.internal.DdlTypeImpl@26d73519) replaced previous registration(org.hibernate.type.descriptor.sql.internal.DdlTypeImpl@48af5f38)
2025-01-07 01:30:36 - addDescriptor(2004, org.hibernate.type.descriptor.sql.internal.CapacityDependentDdlType@40538370) replaced previous registration(org.hibernate.type.descriptor.sql.internal.DdlTypeImpl@71a2df1)
2025-01-07 01:30:36 - addDescriptor(2005, org.hibernate.type.descriptor.sql.internal.CapacityDependentDdlType@18faaff6) replaced previous registration(org.hibernate.type.descriptor.sql.internal.DdlTypeImpl@2a9e754e)
2025-01-07 01:30:36 - addDescriptor(2011, org.hibernate.type.descriptor.sql.internal.CapacityDependentDdlType@760a2b6e) replaced previous registration(org.hibernate.type.descriptor.sql.internal.DdlTypeImpl@20a9f5fb)
2025-01-07 01:30:38 - HHH000489: No JTA platform available (set 'hibernate.transaction.jta.platform' to enable JTA platform integration)
2025-01-07 01:30:38 - Initialized JPA EntityManagerFactory for persistence unit 'default'
2025-01-07 01:30:39 - spring.jpa.open-in-view is enabled by default. Therefore, database queries may be performed during view rendering. Explicitly configure spring.jpa.open-in-view to disable this warning
2025-01-07 01:30:40 - Started DemoApplicationTests in 12.282 seconds (process running for 15.68)
2025-01-07 01:30:42 - Closing JPA EntityManagerFactory for persistence unit 'default'
2025-01-07 01:30:42 - HikariPool-1 - Shutdown initiated...
2025-01-07 01:30:42 - HikariPool-1 - Shutdown completed.
2025-01-07 01:44:07 - Starting DemoApplication using Java 23.0.1 with PID 2988 (C:\Users\bmene\Documents\Federico II\DS Proyecto Enero\A13\T\demo\target\classes started by bmene in C:\Users\bmene\Documents\Federico II\DS Proyecto Enero\A13\T\demo)
2025-01-07 01:44:07 - No active profile set, falling back to 1 default profile: "default"
2025-01-07 01:44:09 - Bootstrapping Spring Data JPA repositories in DEFAULT mode.
2025-01-07 01:44:09 - Finished Spring Data repository scanning in 154 ms. Found 1 JPA repository interface.
2025-01-07 01:44:10 - Tomcat initialized with port 8080 (http)
2025-01-07 01:44:10 - Starting service [Tomcat]
2025-01-07 01:44:10 - Starting Servlet engine: [Apache Tomcat/10.1.34]
2025-01-07 01:44:11 - Initializing Spring embedded WebApplicationContext
2025-01-07 01:44:11 - Root WebApplicationContext: initialization completed in 3897 ms
2025-01-07 01:44:11 - HHH000204: Processing PersistenceUnitInfo [name: default]
2025-01-07 01:44:11 - HHH000412: Hibernate ORM core version 6.6.4.Final
2025-01-07 01:44:11 - HHH000026: Second-level cache disabled
2025-01-07 01:44:12 - No LoadTimeWeaver setup: ignoring JPA class transformer
2025-01-07 01:44:13 - HikariPool-1 - Starting...
2025-01-07 01:44:15 - HikariPool-1 - Added connection com.mysql.cj.jdbc.ConnectionImpl@118cbded
2025-01-07 01:44:15 - HikariPool-1 - Start completed.
2025-01-07 01:44:15 - HHH90000025: MySQLDialect does not need to be specified explicitly using 'hibernate.dialect' (remove the property setting and it will be selected by default)
2025-01-07 01:44:15 - HHH10001005: Database info:
	Database JDBC URL [Connecting through datasource 'HikariDataSource (HikariPool-1)']
	Database driver: undefined/unknown
	Database version: 8.0.30
	Autocommit mode: undefined/unknown
	Isolation level: undefined/unknown
	Minimum pool size: undefined/unknown
	Maximum pool size: undefined/unknown
2025-01-07 01:44:15 - addDescriptor(12, org.hibernate.type.descriptor.sql.internal.CapacityDependentDdlType@66b6873f) replaced previous registration(org.hibernate.type.descriptor.sql.internal.CapacityDependentDdlType@52285a5f)
2025-01-07 01:44:15 - addDescriptor(-9, org.hibernate.type.descriptor.sql.internal.CapacityDependentDdlType@4fa5cc73) replaced previous registration(org.hibernate.type.descriptor.sql.internal.CapacityDependentDdlType@224e6e88)
2025-01-07 01:44:15 - addDescriptor(-3, org.hibernate.type.descriptor.sql.internal.CapacityDependentDdlType@70139a81) replaced previous registration(org.hibernate.type.descriptor.sql.internal.CapacityDependentDdlType@60f9dc7e)
2025-01-07 01:44:15 - addDescriptor(4003, org.hibernate.type.descriptor.sql.internal.DdlTypeImpl@15e5246) replaced previous registration(org.hibernate.type.descriptor.sql.internal.DdlTypeImpl@503556cb)
2025-01-07 01:44:15 - addDescriptor(4001, org.hibernate.type.descriptor.sql.internal.DdlTypeImpl@3c9e19de) replaced previous registration(org.hibernate.type.descriptor.sql.internal.DdlTypeImpl@12aa381f)
2025-01-07 01:44:15 - addDescriptor(4002, org.hibernate.type.descriptor.sql.internal.DdlTypeImpl@6115846e) replaced previous registration(org.hibernate.type.descriptor.sql.internal.DdlTypeImpl@1bec1589)
2025-01-07 01:44:15 - addDescriptor(2004, org.hibernate.type.descriptor.sql.internal.CapacityDependentDdlType@57f0bfc3) replaced previous registration(org.hibernate.type.descriptor.sql.internal.DdlTypeImpl@14590fe2)
2025-01-07 01:44:15 - addDescriptor(2005, org.hibernate.type.descriptor.sql.internal.CapacityDependentDdlType@5922cff3) replaced previous registration(org.hibernate.type.descriptor.sql.internal.DdlTypeImpl@2299d903)
2025-01-07 01:44:15 - addDescriptor(2011, org.hibernate.type.descriptor.sql.internal.CapacityDependentDdlType@70c56434) replaced previous registration(org.hibernate.type.descriptor.sql.internal.DdlTypeImpl@2c3f43d1)
2025-01-07 01:44:18 - HHH000489: No JTA platform available (set 'hibernate.transaction.jta.platform' to enable JTA platform integration)
2025-01-07 01:44:18 - Initialized JPA EntityManagerFactory for persistence unit 'default'
2025-01-07 01:44:19 - spring.jpa.open-in-view is enabled by default. Therefore, database queries may be performed during view rendering. Explicitly configure spring.jpa.open-in-view to disable this warning
2025-01-07 01:44:20 - Tomcat started on port 8080 (http) with context path '/'
2025-01-07 01:44:20 - Started DemoApplication in 14.932 seconds (process running for 16.445)
2025-01-07 01:52:28 - Starting DemoApplication using Java 23.0.1 with PID 23584 (C:\Users\bmene\Documents\Federico II\DS Proyecto Enero\A13\T\demo\target\classes started by bmene in C:\Users\bmene\Documents\Federico II\DS Proyecto Enero\A13\T\demo)
2025-01-07 01:52:28 - No active profile set, falling back to 1 default profile: "default"
2025-01-07 01:52:30 - Bootstrapping Spring Data JPA repositories in DEFAULT mode.
2025-01-07 01:52:30 - Finished Spring Data repository scanning in 127 ms. Found 1 JPA repository interface.
2025-01-07 01:52:31 - Tomcat initialized with port 8080 (http)
2025-01-07 01:52:31 - Starting service [Tomcat]
2025-01-07 01:52:31 - Starting Servlet engine: [Apache Tomcat/10.1.34]
2025-01-07 01:52:31 - Initializing Spring embedded WebApplicationContext
2025-01-07 01:52:31 - Root WebApplicationContext: initialization completed in 3124 ms
2025-01-07 01:52:32 - HHH000204: Processing PersistenceUnitInfo [name: default]
2025-01-07 01:52:32 - HHH000412: Hibernate ORM core version 6.6.4.Final
2025-01-07 01:52:32 - HHH000026: Second-level cache disabled
2025-01-07 01:52:33 - No LoadTimeWeaver setup: ignoring JPA class transformer
2025-01-07 01:52:33 - HikariPool-1 - Starting...
2025-01-07 01:52:34 - HikariPool-1 - Added connection com.mysql.cj.jdbc.ConnectionImpl@7b5833ee
2025-01-07 01:52:34 - HikariPool-1 - Start completed.
2025-01-07 01:52:35 - HHH90000025: MySQLDialect does not need to be specified explicitly using 'hibernate.dialect' (remove the property setting and it will be selected by default)
2025-01-07 01:52:35 - HHH10001005: Database info:
	Database JDBC URL [Connecting through datasource 'HikariDataSource (HikariPool-1)']
	Database driver: undefined/unknown
	Database version: 8.0.30
	Autocommit mode: undefined/unknown
	Isolation level: undefined/unknown
	Minimum pool size: undefined/unknown
	Maximum pool size: undefined/unknown
2025-01-07 01:52:35 - addDescriptor(12, org.hibernate.type.descriptor.sql.internal.CapacityDependentDdlType@70139a81) replaced previous registration(org.hibernate.type.descriptor.sql.internal.CapacityDependentDdlType@60f9dc7e)
2025-01-07 01:52:35 - addDescriptor(-9, org.hibernate.type.descriptor.sql.internal.CapacityDependentDdlType@15e5246) replaced previous registration(org.hibernate.type.descriptor.sql.internal.CapacityDependentDdlType@503556cb)
2025-01-07 01:52:35 - addDescriptor(-3, org.hibernate.type.descriptor.sql.internal.CapacityDependentDdlType@3c9e19de) replaced previous registration(org.hibernate.type.descriptor.sql.internal.CapacityDependentDdlType@12aa381f)
2025-01-07 01:52:35 - addDescriptor(4003, org.hibernate.type.descriptor.sql.internal.DdlTypeImpl@6115846e) replaced previous registration(org.hibernate.type.descriptor.sql.internal.DdlTypeImpl@1bec1589)
2025-01-07 01:52:35 - addDescriptor(4001, org.hibernate.type.descriptor.sql.internal.DdlTypeImpl@57f0bfc3) replaced previous registration(org.hibernate.type.descriptor.sql.internal.DdlTypeImpl@14590fe2)
2025-01-07 01:52:35 - addDescriptor(4002, org.hibernate.type.descriptor.sql.internal.DdlTypeImpl@5922cff3) replaced previous registration(org.hibernate.type.descriptor.sql.internal.DdlTypeImpl@2299d903)
2025-01-07 01:52:35 - addDescriptor(2004, org.hibernate.type.descriptor.sql.internal.CapacityDependentDdlType@70c56434) replaced previous registration(org.hibernate.type.descriptor.sql.internal.DdlTypeImpl@2c3f43d1)
2025-01-07 01:52:35 - addDescriptor(2005, org.hibernate.type.descriptor.sql.internal.CapacityDependentDdlType@632d4cf2) replaced previous registration(org.hibernate.type.descriptor.sql.internal.DdlTypeImpl@f10d055)
2025-01-07 01:52:35 - addDescriptor(2011, org.hibernate.type.descriptor.sql.internal.CapacityDependentDdlType@542ff147) replaced previous registration(org.hibernate.type.descriptor.sql.internal.DdlTypeImpl@2d801d8)
2025-01-07 01:52:37 - HHH000489: No JTA platform available (set 'hibernate.transaction.jta.platform' to enable JTA platform integration)
2025-01-07 01:52:37 - Initialized JPA EntityManagerFactory for persistence unit 'default'
2025-01-07 01:52:38 - spring.jpa.open-in-view is enabled by default. Therefore, database queries may be performed during view rendering. Explicitly configure spring.jpa.open-in-view to disable this warning
2025-01-07 01:52:39 - Tomcat started on port 8080 (http) with context path '/'
2025-01-07 01:52:39 - Started DemoApplication in 11.778 seconds (process running for 12.711)
2025-01-07 01:52:44 - Initializing Spring DispatcherServlet 'dispatcherServlet'
2025-01-07 01:52:44 - select u1_0.id,u1_0.email,u1_0.first_name,u1_0.games_played,u1_0.games_rate,u1_0.games_won,u1_0.last_name,u1_0.`rank` from newuser u1_0
2025-01-07 01:53:00 - Commencing graceful shutdown. Waiting for active requests to complete
2025-01-07 01:53:00 - Graceful shutdown complete
2025-01-07 01:53:00 - Closing JPA EntityManagerFactory for persistence unit 'default'
2025-01-07 01:53:00 - HikariPool-1 - Shutdown initiated...
2025-01-07 01:53:00 - HikariPool-1 - Shutdown completed.
2025-01-07 18:10:50 - Starting DemoApplicationTests using Java 23.0.1 with PID 396 (started by bmene in C:\Users\bmene\Documents\Federico II\DS Proyecto Enero\A13\T\demo)
2025-01-07 18:10:50 - No active profile set, falling back to 1 default profile: "default"
2025-01-07 18:10:51 - Bootstrapping Spring Data JPA repositories in DEFAULT mode.
2025-01-07 18:10:51 - Finished Spring Data repository scanning in 122 ms. Found 1 JPA repository interface.
2025-01-07 18:10:52 - HHH000204: Processing PersistenceUnitInfo [name: default]
2025-01-07 18:10:53 - HHH000412: Hibernate ORM core version 6.6.4.Final
2025-01-07 18:10:53 - HHH000026: Second-level cache disabled
2025-01-07 18:10:54 - No LoadTimeWeaver setup: ignoring JPA class transformer
2025-01-07 18:10:54 - HikariPool-1 - Starting...
2025-01-07 18:10:56 - HikariPool-1 - Added connection com.mysql.cj.jdbc.ConnectionImpl@3c27f72
2025-01-07 18:10:56 - HikariPool-1 - Start completed.
2025-01-07 18:10:57 - HHH90000025: MySQLDialect does not need to be specified explicitly using 'hibernate.dialect' (remove the property setting and it will be selected by default)
2025-01-07 18:10:57 - HHH10001005: Database info:
	Database JDBC URL [Connecting through datasource 'HikariDataSource (HikariPool-1)']
	Database driver: undefined/unknown
	Database version: 8.0.30
	Autocommit mode: undefined/unknown
	Isolation level: undefined/unknown
	Minimum pool size: undefined/unknown
	Maximum pool size: undefined/unknown
2025-01-07 18:10:57 - addDescriptor(12, org.hibernate.type.descriptor.sql.internal.CapacityDependentDdlType@63c84d31) replaced previous registration(org.hibernate.type.descriptor.sql.internal.CapacityDependentDdlType@102af1bb)
2025-01-07 18:10:57 - addDescriptor(-9, org.hibernate.type.descriptor.sql.internal.CapacityDependentDdlType@797f97e3) replaced previous registration(org.hibernate.type.descriptor.sql.internal.CapacityDependentDdlType@56cd5d76)
2025-01-07 18:10:57 - addDescriptor(-3, org.hibernate.type.descriptor.sql.internal.CapacityDependentDdlType@77cd235b) replaced previous registration(org.hibernate.type.descriptor.sql.internal.CapacityDependentDdlType@302da330)
2025-01-07 18:10:57 - addDescriptor(4003, org.hibernate.type.descriptor.sql.internal.DdlTypeImpl@3568ea59) replaced previous registration(org.hibernate.type.descriptor.sql.internal.DdlTypeImpl@9f2376f)
2025-01-07 18:10:57 - addDescriptor(4001, org.hibernate.type.descriptor.sql.internal.DdlTypeImpl@173b1af1) replaced previous registration(org.hibernate.type.descriptor.sql.internal.DdlTypeImpl@4a520f05)
2025-01-07 18:10:57 - addDescriptor(4002, org.hibernate.type.descriptor.sql.internal.DdlTypeImpl@389a1e34) replaced previous registration(org.hibernate.type.descriptor.sql.internal.DdlTypeImpl@204b0f07)
2025-01-07 18:10:57 - addDescriptor(2004, org.hibernate.type.descriptor.sql.internal.CapacityDependentDdlType@6f68756d) replaced previous registration(org.hibernate.type.descriptor.sql.internal.DdlTypeImpl@359865a2)
2025-01-07 18:10:57 - addDescriptor(2005, org.hibernate.type.descriptor.sql.internal.CapacityDependentDdlType@5d9bb69b) replaced previous registration(org.hibernate.type.descriptor.sql.internal.DdlTypeImpl@25d0b918)
2025-01-07 18:10:57 - addDescriptor(2011, org.hibernate.type.descriptor.sql.internal.CapacityDependentDdlType@9bf63d2) replaced previous registration(org.hibernate.type.descriptor.sql.internal.DdlTypeImpl@7ffcb232)
2025-01-07 18:10:59 - HHH000489: No JTA platform available (set 'hibernate.transaction.jta.platform' to enable JTA platform integration)
2025-01-07 18:10:59 - Initialized JPA EntityManagerFactory for persistence unit 'default'
2025-01-07 18:11:00 - spring.jpa.open-in-view is enabled by default. Therefore, database queries may be performed during view rendering. Explicitly configure spring.jpa.open-in-view to disable this warning
2025-01-07 18:11:01 - Started DemoApplicationTests in 12.38 seconds (process running for 15.209)
2025-01-07 18:11:02 - Closing JPA EntityManagerFactory for persistence unit 'default'
2025-01-07 18:11:02 - HikariPool-1 - Shutdown initiated...
2025-01-07 18:11:04 - HikariPool-1 - Shutdown completed.
2025-01-07 18:11:25 - Starting DemoApplication using Java 23.0.1 with PID 23040 (C:\Users\bmene\Documents\Federico II\DS Proyecto Enero\A13\T\demo\target\classes started by bmene in C:\Users\bmene\Documents\Federico II\DS Proyecto Enero\A13\T\demo)
2025-01-07 18:11:25 - No active profile set, falling back to 1 default profile: "default"
2025-01-07 18:11:27 - Bootstrapping Spring Data JPA repositories in DEFAULT mode.
2025-01-07 18:11:27 - Finished Spring Data repository scanning in 98 ms. Found 1 JPA repository interface.
2025-01-07 18:11:28 - Tomcat initialized with port 8080 (http)
2025-01-07 18:11:28 - Starting service [Tomcat]
2025-01-07 18:11:28 - Starting Servlet engine: [Apache Tomcat/10.1.34]
2025-01-07 18:11:28 - Initializing Spring embedded WebApplicationContext
2025-01-07 18:11:28 - Root WebApplicationContext: initialization completed in 2222 ms
2025-01-07 18:11:28 - HHH000204: Processing PersistenceUnitInfo [name: default]
2025-01-07 18:11:28 - HHH000412: Hibernate ORM core version 6.6.4.Final
2025-01-07 18:11:28 - HHH000026: Second-level cache disabled
2025-01-07 18:11:29 - No LoadTimeWeaver setup: ignoring JPA class transformer
2025-01-07 18:11:29 - HikariPool-1 - Starting...
2025-01-07 18:11:31 - HikariPool-1 - Added connection com.mysql.cj.jdbc.ConnectionImpl@4afdfc0f
2025-01-07 18:11:31 - HikariPool-1 - Start completed.
2025-01-07 18:11:31 - HHH90000025: MySQLDialect does not need to be specified explicitly using 'hibernate.dialect' (remove the property setting and it will be selected by default)
2025-01-07 18:11:31 - HHH10001005: Database info:
	Database JDBC URL [Connecting through datasource 'HikariDataSource (HikariPool-1)']
	Database driver: undefined/unknown
	Database version: 8.0.30
	Autocommit mode: undefined/unknown
	Isolation level: undefined/unknown
	Minimum pool size: undefined/unknown
	Maximum pool size: undefined/unknown
2025-01-07 18:11:31 - addDescriptor(12, org.hibernate.type.descriptor.sql.internal.CapacityDependentDdlType@101c15ad) replaced previous registration(org.hibernate.type.descriptor.sql.internal.CapacityDependentDdlType@6068ebb2)
2025-01-07 18:11:31 - addDescriptor(-9, org.hibernate.type.descriptor.sql.internal.CapacityDependentDdlType@5a466dd) replaced previous registration(org.hibernate.type.descriptor.sql.internal.CapacityDependentDdlType@1ed9d173)
2025-01-07 18:11:31 - addDescriptor(-3, org.hibernate.type.descriptor.sql.internal.CapacityDependentDdlType@6e981e78) replaced previous registration(org.hibernate.type.descriptor.sql.internal.CapacityDependentDdlType@498a4d62)
2025-01-07 18:11:31 - addDescriptor(4003, org.hibernate.type.descriptor.sql.internal.DdlTypeImpl@6fbe4800) replaced previous registration(org.hibernate.type.descriptor.sql.internal.DdlTypeImpl@3f3c5ecd)
2025-01-07 18:11:31 - addDescriptor(4001, org.hibernate.type.descriptor.sql.internal.DdlTypeImpl@1179fc8c) replaced previous registration(org.hibernate.type.descriptor.sql.internal.DdlTypeImpl@a03529c)
2025-01-07 18:11:31 - addDescriptor(4002, org.hibernate.type.descriptor.sql.internal.DdlTypeImpl@1760e594) replaced previous registration(org.hibernate.type.descriptor.sql.internal.DdlTypeImpl@4af70b83)
2025-01-07 18:11:31 - addDescriptor(2004, org.hibernate.type.descriptor.sql.internal.CapacityDependentDdlType@143413cd) replaced previous registration(org.hibernate.type.descriptor.sql.internal.DdlTypeImpl@4b32465)
2025-01-07 18:11:31 - addDescriptor(2005, org.hibernate.type.descriptor.sql.internal.CapacityDependentDdlType@146f3d22) replaced previous registration(org.hibernate.type.descriptor.sql.internal.DdlTypeImpl@66b6873f)
2025-01-07 18:11:31 - addDescriptor(2011, org.hibernate.type.descriptor.sql.internal.CapacityDependentDdlType@52285a5f) replaced previous registration(org.hibernate.type.descriptor.sql.internal.DdlTypeImpl@4fa5cc73)
2025-01-07 18:11:32 - HHH000489: No JTA platform available (set 'hibernate.transaction.jta.platform' to enable JTA platform integration)
2025-01-07 18:11:34 - Initialized JPA EntityManagerFactory for persistence unit 'default'
2025-01-07 18:11:35 - spring.jpa.open-in-view is enabled by default. Therefore, database queries may be performed during view rendering. Explicitly configure spring.jpa.open-in-view to disable this warning
2025-01-07 18:11:35 - Tomcat started on port 8080 (http) with context path '/'
2025-01-07 18:11:36 - Started DemoApplication in 10.976 seconds (process running for 11.768)
2025-01-07 18:12:10 - Initializing Spring DispatcherServlet 'dispatcherServlet'
2025-01-07 18:12:10 - select u1_0.id,u1_0.email,u1_0.first_name,u1_0.games_played,u1_0.games_rate,u1_0.games_won,u1_0.last_name,u1_0.`rank` from newuser u1_0
2025-01-07 18:12:10 - select u1_0.id,u1_0.email,u1_0.first_name,u1_0.games_played,u1_0.games_rate,u1_0.games_won,u1_0.last_name,u1_0.`rank` from newuser u1_0
2025-01-07 18:12:24 - select u1_0.id,u1_0.email,u1_0.first_name,u1_0.games_played,u1_0.games_rate,u1_0.games_won,u1_0.last_name,u1_0.`rank` from newuser u1_0
2025-01-07 18:13:34 - select u1_0.id,u1_0.email,u1_0.first_name,u1_0.games_played,u1_0.games_rate,u1_0.games_won,u1_0.last_name,u1_0.`rank` from newuser u1_0
2025-01-07 18:14:59 - select u1_0.id,u1_0.email,u1_0.first_name,u1_0.games_played,u1_0.games_rate,u1_0.games_won,u1_0.last_name,u1_0.`rank` from newuser u1_0
2025-01-07 18:15:34 - select u1_0.id,u1_0.email,u1_0.first_name,u1_0.games_played,u1_0.games_rate,u1_0.games_won,u1_0.last_name,u1_0.`rank` from newuser u1_0 where u1_0.email=?
2025-01-07 18:26:08 - HikariPool-1 - Thread starvation or clock leap detected (housekeeper delta=10m7s205ms838µs400ns).
2025-01-07 18:41:30 - Commencing graceful shutdown. Waiting for active requests to complete
2025-01-07 18:41:30 - Graceful shutdown complete
2025-01-07 18:41:30 - Closing JPA EntityManagerFactory for persistence unit 'default'
2025-01-07 18:41:30 - HikariPool-1 - Shutdown initiated...
2025-01-07 18:41:55 - Starting DemoApplication using Java 23.0.1 with PID 17252 (C:\Users\bmene\Documents\Federico II\DS Proyecto Enero\A13\T\demo\target\classes started by bmene in C:\Users\bmene\Documents\Federico II\DS Proyecto Enero\A13\T\demo)
2025-01-07 18:41:55 - No active profile set, falling back to 1 default profile: "default"
2025-01-07 18:41:56 - Bootstrapping Spring Data JPA repositories in DEFAULT mode.
2025-01-07 18:41:56 - Finished Spring Data repository scanning in 121 ms. Found 1 JPA repository interface.
2025-01-07 18:41:57 - Tomcat initialized with port 8080 (http)
2025-01-07 18:41:57 - Starting service [Tomcat]
2025-01-07 18:41:57 - Starting Servlet engine: [Apache Tomcat/10.1.34]
2025-01-07 18:41:58 - Initializing Spring embedded WebApplicationContext
2025-01-07 18:41:58 - Root WebApplicationContext: initialization completed in 2649 ms
2025-01-07 18:41:58 - HHH000204: Processing PersistenceUnitInfo [name: default]
2025-01-07 18:41:58 - HHH000412: Hibernate ORM core version 6.6.4.Final
2025-01-07 18:41:58 - HHH000026: Second-level cache disabled
2025-01-07 18:41:59 - No LoadTimeWeaver setup: ignoring JPA class transformer
2025-01-07 18:41:59 - HikariPool-1 - Starting...
2025-01-07 18:42:01 - HikariPool-1 - Added connection com.mysql.cj.jdbc.ConnectionImpl@f4f843f
2025-01-07 18:42:01 - HikariPool-1 - Start completed.
2025-01-07 18:42:02 - HHH90000025: MySQLDialect does not need to be specified explicitly using 'hibernate.dialect' (remove the property setting and it will be selected by default)
2025-01-07 18:42:02 - HHH10001005: Database info:
	Database JDBC URL [Connecting through datasource 'HikariDataSource (HikariPool-1)']
	Database driver: undefined/unknown
	Database version: 8.0.30
	Autocommit mode: undefined/unknown
	Isolation level: undefined/unknown
	Minimum pool size: undefined/unknown
	Maximum pool size: undefined/unknown
2025-01-07 18:42:02 - addDescriptor(12, org.hibernate.type.descriptor.sql.internal.CapacityDependentDdlType@224e6e88) replaced previous registration(org.hibernate.type.descriptor.sql.internal.CapacityDependentDdlType@70139a81)
2025-01-07 18:42:02 - addDescriptor(-9, org.hibernate.type.descriptor.sql.internal.CapacityDependentDdlType@60f9dc7e) replaced previous registration(org.hibernate.type.descriptor.sql.internal.CapacityDependentDdlType@15e5246)
2025-01-07 18:42:02 - addDescriptor(-3, org.hibernate.type.descriptor.sql.internal.CapacityDependentDdlType@503556cb) replaced previous registration(org.hibernate.type.descriptor.sql.internal.CapacityDependentDdlType@3c9e19de)
2025-01-07 18:42:02 - addDescriptor(4003, org.hibernate.type.descriptor.sql.internal.DdlTypeImpl@12aa381f) replaced previous registration(org.hibernate.type.descriptor.sql.internal.DdlTypeImpl@6115846e)
2025-01-07 18:42:02 - addDescriptor(4001, org.hibernate.type.descriptor.sql.internal.DdlTypeImpl@1bec1589) replaced previous registration(org.hibernate.type.descriptor.sql.internal.DdlTypeImpl@57f0bfc3)
2025-01-07 18:42:02 - addDescriptor(4002, org.hibernate.type.descriptor.sql.internal.DdlTypeImpl@14590fe2) replaced previous registration(org.hibernate.type.descriptor.sql.internal.DdlTypeImpl@5922cff3)
2025-01-07 18:42:02 - addDescriptor(2004, org.hibernate.type.descriptor.sql.internal.CapacityDependentDdlType@2299d903) replaced previous registration(org.hibernate.type.descriptor.sql.internal.DdlTypeImpl@70c56434)
2025-01-07 18:42:02 - addDescriptor(2005, org.hibernate.type.descriptor.sql.internal.CapacityDependentDdlType@2c3f43d1) replaced previous registration(org.hibernate.type.descriptor.sql.internal.DdlTypeImpl@632d4cf2)
2025-01-07 18:42:02 - addDescriptor(2011, org.hibernate.type.descriptor.sql.internal.CapacityDependentDdlType@f10d055) replaced previous registration(org.hibernate.type.descriptor.sql.internal.DdlTypeImpl@542ff147)
2025-01-07 18:42:04 - HHH000489: No JTA platform available (set 'hibernate.transaction.jta.platform' to enable JTA platform integration)
2025-01-07 18:42:04 - Initialized JPA EntityManagerFactory for persistence unit 'default'
2025-01-07 18:42:05 - spring.jpa.open-in-view is enabled by default. Therefore, database queries may be performed during view rendering. Explicitly configure spring.jpa.open-in-view to disable this warning
2025-01-07 18:42:06 - Tomcat started on port 8080 (http) with context path '/'
2025-01-07 18:42:06 - Started DemoApplication in 11.872 seconds (process running for 12.745)
2025-01-07 18:42:36 - Commencing graceful shutdown. Waiting for active requests to complete
2025-01-07 18:42:36 - Graceful shutdown complete
2025-01-07 18:42:36 - Closing JPA EntityManagerFactory for persistence unit 'default'
2025-01-07 18:42:36 - HikariPool-1 - Shutdown initiated...
2025-01-07 18:42:37 - HikariPool-1 - Shutdown completed.
2025-01-07 21:11:09 - Starting DemoApplication using Java 23.0.1 with PID 5084 (C:\Users\bmene\Documents\Federico II\DS Proyecto Enero\A13\T\demo\target\classes started by bmene in C:\Users\bmene\Documents\Federico II\DS Proyecto Enero\A13\T\demo)
2025-01-07 21:11:09 - No active profile set, falling back to 1 default profile: "default"
2025-01-07 21:11:10 - Bootstrapping Spring Data JPA repositories in DEFAULT mode.
2025-01-07 21:11:11 - Finished Spring Data repository scanning in 68 ms. Found 1 JPA repository interface.
2025-01-07 21:11:15 - Tomcat initialized with port 8080 (http)
2025-01-07 21:11:15 - Starting service [Tomcat]
2025-01-07 21:11:15 - Starting Servlet engine: [Apache Tomcat/10.1.34]
2025-01-07 21:11:15 - Initializing Spring embedded WebApplicationContext
2025-01-07 21:11:15 - Root WebApplicationContext: initialization completed in 6014 ms
2025-01-07 21:11:15 - HHH000204: Processing PersistenceUnitInfo [name: default]
2025-01-07 21:11:15 - HHH000412: Hibernate ORM core version 6.6.4.Final
2025-01-07 21:11:15 - HHH000026: Second-level cache disabled
2025-01-07 21:11:15 - No LoadTimeWeaver setup: ignoring JPA class transformer
2025-01-07 21:11:16 - HikariPool-1 - Starting...
2025-01-07 21:11:16 - HikariPool-1 - Added connection com.mysql.cj.jdbc.ConnectionImpl@60652518
2025-01-07 21:11:16 - HikariPool-1 - Start completed.
2025-01-07 21:11:17 - HHH90000025: MySQLDialect does not need to be specified explicitly using 'hibernate.dialect' (remove the property setting and it will be selected by default)
2025-01-07 21:11:17 - HHH10001005: Database info:
	Database JDBC URL [Connecting through datasource 'HikariDataSource (HikariPool-1)']
	Database driver: undefined/unknown
	Database version: 8.0.30
	Autocommit mode: undefined/unknown
	Isolation level: undefined/unknown
	Minimum pool size: undefined/unknown
	Maximum pool size: undefined/unknown
2025-01-07 21:11:17 - addDescriptor(12, org.hibernate.type.descriptor.sql.internal.CapacityDependentDdlType@6e981e78) replaced previous registration(org.hibernate.type.descriptor.sql.internal.CapacityDependentDdlType@498a4d62)
2025-01-07 21:11:17 - addDescriptor(-9, org.hibernate.type.descriptor.sql.internal.CapacityDependentDdlType@6fbe4800) replaced previous registration(org.hibernate.type.descriptor.sql.internal.CapacityDependentDdlType@3f3c5ecd)
2025-01-07 21:11:17 - addDescriptor(-3, org.hibernate.type.descriptor.sql.internal.CapacityDependentDdlType@1179fc8c) replaced previous registration(org.hibernate.type.descriptor.sql.internal.CapacityDependentDdlType@a03529c)
2025-01-07 21:11:17 - addDescriptor(4003, org.hibernate.type.descriptor.sql.internal.DdlTypeImpl@1760e594) replaced previous registration(org.hibernate.type.descriptor.sql.internal.DdlTypeImpl@4af70b83)
2025-01-07 21:11:17 - addDescriptor(4001, org.hibernate.type.descriptor.sql.internal.DdlTypeImpl@143413cd) replaced previous registration(org.hibernate.type.descriptor.sql.internal.DdlTypeImpl@4b32465)
2025-01-07 21:11:17 - addDescriptor(4002, org.hibernate.type.descriptor.sql.internal.DdlTypeImpl@146f3d22) replaced previous registration(org.hibernate.type.descriptor.sql.internal.DdlTypeImpl@66b6873f)
2025-01-07 21:11:17 - addDescriptor(2004, org.hibernate.type.descriptor.sql.internal.CapacityDependentDdlType@52285a5f) replaced previous registration(org.hibernate.type.descriptor.sql.internal.DdlTypeImpl@4fa5cc73)
2025-01-07 21:11:17 - addDescriptor(2005, org.hibernate.type.descriptor.sql.internal.CapacityDependentDdlType@224e6e88) replaced previous registration(org.hibernate.type.descriptor.sql.internal.DdlTypeImpl@70139a81)
2025-01-07 21:11:17 - addDescriptor(2011, org.hibernate.type.descriptor.sql.internal.CapacityDependentDdlType@60f9dc7e) replaced previous registration(org.hibernate.type.descriptor.sql.internal.DdlTypeImpl@15e5246)
2025-01-07 21:11:17 - HHH000489: No JTA platform available (set 'hibernate.transaction.jta.platform' to enable JTA platform integration)
2025-01-07 21:11:18 - Initialized JPA EntityManagerFactory for persistence unit 'default'
2025-01-07 21:11:18 - spring.jpa.open-in-view is enabled by default. Therefore, database queries may be performed during view rendering. Explicitly configure spring.jpa.open-in-view to disable this warning
2025-01-07 21:11:18 - Tomcat started on port 8080 (http) with context path '/'
2025-01-07 21:11:18 - Started DemoApplication in 10.12 seconds (process running for 10.757)
2025-01-07 21:11:33 - Initializing Spring DispatcherServlet 'dispatcherServlet'
2025-01-07 21:11:33 - select u1_0.id,u1_0.email,u1_0.first_name,u1_0.games_played,u1_0.games_rate,u1_0.games_won,u1_0.last_name,u1_0.`rank` from newuser u1_0
2025-01-07 21:11:46 - select u1_0.id,u1_0.email,u1_0.first_name,u1_0.games_played,u1_0.games_rate,u1_0.games_won,u1_0.last_name,u1_0.`rank` from newuser u1_0
2025-01-07 21:11:48 - select u1_0.id,u1_0.email,u1_0.first_name,u1_0.games_played,u1_0.games_rate,u1_0.games_won,u1_0.last_name,u1_0.`rank` from newuser u1_0
2025-01-07 21:16:50 - Commencing graceful shutdown. Waiting for active requests to complete
2025-01-07 21:16:50 - Graceful shutdown complete
2025-01-07 21:16:50 - Closing JPA EntityManagerFactory for persistence unit 'default'
2025-01-07 21:19:13 - Starting DemoApplication using Java 23.0.1 with PID 20588 (C:\Users\bmene\Documents\Federico II\DS Proyecto Enero\A13\T\demo\target\classes started by bmene in C:\Users\bmene\Documents\Federico II\DS Proyecto Enero\A13\T\demo)
2025-01-07 21:19:13 - No active profile set, falling back to 1 default profile: "default"
2025-01-07 21:19:14 - Bootstrapping Spring Data JPA repositories in DEFAULT mode.
2025-01-07 21:19:14 - Finished Spring Data repository scanning in 50 ms. Found 1 JPA repository interface.
2025-01-07 21:19:14 - Tomcat initialized with port 8080 (http)
2025-01-07 21:19:14 - Starting service [Tomcat]
2025-01-07 21:19:14 - Starting Servlet engine: [Apache Tomcat/10.1.34]
2025-01-07 21:19:14 - Initializing Spring embedded WebApplicationContext
2025-01-07 21:19:14 - Root WebApplicationContext: initialization completed in 1263 ms
2025-01-07 21:19:14 - HHH000204: Processing PersistenceUnitInfo [name: default]
2025-01-07 21:19:14 - HHH000412: Hibernate ORM core version 6.6.4.Final
2025-01-07 21:19:14 - HHH000026: Second-level cache disabled
2025-01-07 21:19:15 - No LoadTimeWeaver setup: ignoring JPA class transformer
2025-01-07 21:19:15 - HikariPool-1 - Starting...
2025-01-07 21:19:16 - HikariPool-1 - Added connection com.mysql.cj.jdbc.ConnectionImpl@7b5833ee
2025-01-07 21:19:16 - HikariPool-1 - Start completed.
2025-01-07 21:19:16 - HHH90000025: MySQLDialect does not need to be specified explicitly using 'hibernate.dialect' (remove the property setting and it will be selected by default)
2025-01-07 21:19:16 - HHH10001005: Database info:
	Database JDBC URL [Connecting through datasource 'HikariDataSource (HikariPool-1)']
	Database driver: undefined/unknown
	Database version: 8.0.30
	Autocommit mode: undefined/unknown
	Isolation level: undefined/unknown
	Minimum pool size: undefined/unknown
	Maximum pool size: undefined/unknown
2025-01-07 21:19:16 - addDescriptor(12, org.hibernate.type.descriptor.sql.internal.CapacityDependentDdlType@70139a81) replaced previous registration(org.hibernate.type.descriptor.sql.internal.CapacityDependentDdlType@60f9dc7e)
2025-01-07 21:19:16 - addDescriptor(-9, org.hibernate.type.descriptor.sql.internal.CapacityDependentDdlType@15e5246) replaced previous registration(org.hibernate.type.descriptor.sql.internal.CapacityDependentDdlType@503556cb)
2025-01-07 21:19:16 - addDescriptor(-3, org.hibernate.type.descriptor.sql.internal.CapacityDependentDdlType@3c9e19de) replaced previous registration(org.hibernate.type.descriptor.sql.internal.CapacityDependentDdlType@12aa381f)
2025-01-07 21:19:16 - addDescriptor(4003, org.hibernate.type.descriptor.sql.internal.DdlTypeImpl@6115846e) replaced previous registration(org.hibernate.type.descriptor.sql.internal.DdlTypeImpl@1bec1589)
2025-01-07 21:19:16 - addDescriptor(4001, org.hibernate.type.descriptor.sql.internal.DdlTypeImpl@57f0bfc3) replaced previous registration(org.hibernate.type.descriptor.sql.internal.DdlTypeImpl@14590fe2)
2025-01-07 21:19:16 - addDescriptor(4002, org.hibernate.type.descriptor.sql.internal.DdlTypeImpl@5922cff3) replaced previous registration(org.hibernate.type.descriptor.sql.internal.DdlTypeImpl@2299d903)
2025-01-07 21:19:16 - addDescriptor(2004, org.hibernate.type.descriptor.sql.internal.CapacityDependentDdlType@70c56434) replaced previous registration(org.hibernate.type.descriptor.sql.internal.DdlTypeImpl@2c3f43d1)
2025-01-07 21:19:16 - addDescriptor(2005, org.hibernate.type.descriptor.sql.internal.CapacityDependentDdlType@632d4cf2) replaced previous registration(org.hibernate.type.descriptor.sql.internal.DdlTypeImpl@f10d055)
2025-01-07 21:19:16 - addDescriptor(2011, org.hibernate.type.descriptor.sql.internal.CapacityDependentDdlType@542ff147) replaced previous registration(org.hibernate.type.descriptor.sql.internal.DdlTypeImpl@2d801d8)
2025-01-07 21:19:17 - HHH000489: No JTA platform available (set 'hibernate.transaction.jta.platform' to enable JTA platform integration)
2025-01-07 21:19:17 - Initialized JPA EntityManagerFactory for persistence unit 'default'
2025-01-07 21:19:17 - spring.jpa.open-in-view is enabled by default. Therefore, database queries may be performed during view rendering. Explicitly configure spring.jpa.open-in-view to disable this warning
2025-01-07 21:19:18 - Tomcat started on port 8080 (http) with context path '/'
2025-01-07 21:19:18 - Started DemoApplication in 5.172 seconds (process running for 5.56)
2025-01-07 21:21:42 - Initializing Spring DispatcherServlet 'dispatcherServlet'
2025-01-07 21:21:44 - select u1_0.id,u1_0.email,u1_0.first_name,u1_0.games_played,u1_0.games_rate,u1_0.games_won,u1_0.last_name,u1_0.`rank` from newuser u1_0
2025-01-07 21:23:36 - select u1_0.id,u1_0.email,u1_0.first_name,u1_0.games_played,u1_0.games_rate,u1_0.games_won,u1_0.last_name,u1_0.`rank` from newuser u1_0
2025-01-07 21:23:40 - select u1_0.id,u1_0.email,u1_0.first_name,u1_0.games_played,u1_0.games_rate,u1_0.games_won,u1_0.last_name,u1_0.`rank` from newuser u1_0
2025-01-07 21:24:52 - select u1_0.id,u1_0.email,u1_0.first_name,u1_0.games_played,u1_0.games_rate,u1_0.games_won,u1_0.last_name,u1_0.`rank` from newuser u1_0
2025-01-07 21:25:46 - select u1_0.id,u1_0.email,u1_0.first_name,u1_0.games_played,u1_0.games_rate,u1_0.games_won,u1_0.last_name,u1_0.`rank` from newuser u1_0
2025-01-07 21:25:48 - select u1_0.id,u1_0.email,u1_0.first_name,u1_0.games_played,u1_0.games_rate,u1_0.games_won,u1_0.last_name,u1_0.`rank` from newuser u1_0
2025-01-07 21:27:32 - select u1_0.id,u1_0.email,u1_0.first_name,u1_0.games_played,u1_0.games_rate,u1_0.games_won,u1_0.last_name,u1_0.`rank` from newuser u1_0 where u1_0.email=?
2025-01-07 21:27:47 - select u1_0.id,u1_0.email,u1_0.first_name,u1_0.games_played,u1_0.games_rate,u1_0.games_won,u1_0.last_name,u1_0.`rank` from newuser u1_0 where u1_0.email=?
2025-01-07 21:29:04 - insert into newuser (email,first_name,games_played,games_rate,games_won,last_name,`rank`) values (?,?,?,?,?,?,?)
2025-01-07 21:29:22 - select u1_0.id,u1_0.email,u1_0.first_name,u1_0.games_played,u1_0.games_rate,u1_0.games_won,u1_0.last_name,u1_0.`rank` from newuser u1_0
2025-01-07 21:29:22 - update newuser set email=?,first_name=?,games_played=?,games_rate=?,games_won=?,last_name=?,`rank`=? where id=?
2025-01-07 21:29:24 - select u1_0.id,u1_0.email,u1_0.first_name,u1_0.games_played,u1_0.games_rate,u1_0.games_won,u1_0.last_name,u1_0.`rank` from newuser u1_0
2025-01-07 21:29:30 - select u1_0.id,u1_0.email,u1_0.first_name,u1_0.games_played,u1_0.games_rate,u1_0.games_won,u1_0.last_name,u1_0.`rank` from newuser u1_0
2025-01-07 21:40:58 - Commencing graceful shutdown. Waiting for active requests to complete
2025-01-07 21:40:58 - Graceful shutdown complete
2025-01-07 21:40:58 - Closing JPA EntityManagerFactory for persistence unit 'default'
2025-01-07 21:40:58 - HikariPool-1 - Shutdown initiated...
2025-01-07 21:40:59 - HikariPool-1 - Shutdown completed.
2025-01-07 21:46:03 - Starting DemoApplication using Java 23.0.1 with PID 29320 (C:\Users\bmene\Documents\Federico II\DS Proyecto Enero\A13\T\demo\target\classes started by bmene in C:\Users\bmene\Documents\Federico II\DS Proyecto Enero\A13\T\demo)
2025-01-07 21:46:03 - No active profile set, falling back to 1 default profile: "default"
2025-01-07 21:46:05 - Bootstrapping Spring Data JPA repositories in DEFAULT mode.
2025-01-07 21:46:06 - Finished Spring Data repository scanning in 165 ms. Found 1 JPA repository interface.
2025-01-07 21:46:07 - Tomcat initialized with port 8080 (http)
2025-01-07 21:46:07 - Starting service [Tomcat]
2025-01-07 21:46:07 - Starting Servlet engine: [Apache Tomcat/10.1.34]
2025-01-07 21:46:07 - Initializing Spring embedded WebApplicationContext
2025-01-07 21:46:07 - Root WebApplicationContext: initialization completed in 3749 ms
2025-01-07 21:46:08 - HHH000204: Processing PersistenceUnitInfo [name: default]
2025-01-07 21:46:08 - HHH000412: Hibernate ORM core version 6.6.4.Final
2025-01-07 21:46:08 - HHH000026: Second-level cache disabled
2025-01-07 21:46:09 - No LoadTimeWeaver setup: ignoring JPA class transformer
2025-01-07 21:46:09 - HikariPool-1 - Starting...
2025-01-07 21:46:10 - HikariPool-1 - Added connection com.mysql.cj.jdbc.ConnectionImpl@1e471884
2025-01-07 21:46:10 - HikariPool-1 - Start completed.
2025-01-07 21:46:10 - HHH90000025: MySQLDialect does not need to be specified explicitly using 'hibernate.dialect' (remove the property setting and it will be selected by default)
2025-01-07 21:46:10 - HHH10001005: Database info:
	Database JDBC URL [Connecting through datasource 'HikariDataSource (HikariPool-1)']
	Database driver: undefined/unknown
	Database version: 8.0.30
	Autocommit mode: undefined/unknown
	Isolation level: undefined/unknown
	Minimum pool size: undefined/unknown
	Maximum pool size: undefined/unknown
2025-01-07 21:46:10 - addDescriptor(12, org.hibernate.type.descriptor.sql.internal.CapacityDependentDdlType@60f9dc7e) replaced previous registration(org.hibernate.type.descriptor.sql.internal.CapacityDependentDdlType@15e5246)
2025-01-07 21:46:10 - addDescriptor(-9, org.hibernate.type.descriptor.sql.internal.CapacityDependentDdlType@503556cb) replaced previous registration(org.hibernate.type.descriptor.sql.internal.CapacityDependentDdlType@3c9e19de)
2025-01-07 21:46:10 - addDescriptor(-3, org.hibernate.type.descriptor.sql.internal.CapacityDependentDdlType@12aa381f) replaced previous registration(org.hibernate.type.descriptor.sql.internal.CapacityDependentDdlType@6115846e)
2025-01-07 21:46:10 - addDescriptor(4003, org.hibernate.type.descriptor.sql.internal.DdlTypeImpl@1bec1589) replaced previous registration(org.hibernate.type.descriptor.sql.internal.DdlTypeImpl@57f0bfc3)
2025-01-07 21:46:10 - addDescriptor(4001, org.hibernate.type.descriptor.sql.internal.DdlTypeImpl@14590fe2) replaced previous registration(org.hibernate.type.descriptor.sql.internal.DdlTypeImpl@5922cff3)
2025-01-07 21:46:10 - addDescriptor(4002, org.hibernate.type.descriptor.sql.internal.DdlTypeImpl@2299d903) replaced previous registration(org.hibernate.type.descriptor.sql.internal.DdlTypeImpl@70c56434)
2025-01-07 21:46:10 - addDescriptor(2004, org.hibernate.type.descriptor.sql.internal.CapacityDependentDdlType@2c3f43d1) replaced previous registration(org.hibernate.type.descriptor.sql.internal.DdlTypeImpl@632d4cf2)
2025-01-07 21:46:10 - addDescriptor(2005, org.hibernate.type.descriptor.sql.internal.CapacityDependentDdlType@f10d055) replaced previous registration(org.hibernate.type.descriptor.sql.internal.DdlTypeImpl@542ff147)
2025-01-07 21:46:10 - addDescriptor(2011, org.hibernate.type.descriptor.sql.internal.CapacityDependentDdlType@2d801d8) replaced previous registration(org.hibernate.type.descriptor.sql.internal.DdlTypeImpl@b9b97ad)
2025-01-07 21:46:12 - HHH000489: No JTA platform available (set 'hibernate.transaction.jta.platform' to enable JTA platform integration)
2025-01-07 21:46:13 - Initialized JPA EntityManagerFactory for persistence unit 'default'
2025-01-07 21:46:13 - spring.jpa.open-in-view is enabled by default. Therefore, database queries may be performed during view rendering. Explicitly configure spring.jpa.open-in-view to disable this warning
2025-01-07 21:46:14 - Tomcat started on port 8080 (http) with context path '/'
2025-01-07 21:46:14 - Started DemoApplication in 12.12 seconds (process running for 13.201)
2025-01-07 21:48:49 - Initializing Spring DispatcherServlet 'dispatcherServlet'
2025-01-07 21:48:50 - select u1_0.id,u1_0.email,u1_0.first_name,u1_0.games_played,u1_0.games_rate,u1_0.games_won,u1_0.last_name,u1_0.`rank` from newuser u1_0
2025-01-07 21:48:52 - select u1_0.id,u1_0.email,u1_0.first_name,u1_0.games_played,u1_0.games_rate,u1_0.games_won,u1_0.last_name,u1_0.`rank` from newuser u1_0
2025-01-07 21:48:57 - select u1_0.id,u1_0.email,u1_0.first_name,u1_0.games_played,u1_0.games_rate,u1_0.games_won,u1_0.last_name,u1_0.`rank` from newuser u1_0
2025-01-07 21:52:38 - select u1_0.id,u1_0.email,u1_0.first_name,u1_0.games_played,u1_0.games_rate,u1_0.games_won,u1_0.last_name,u1_0.`rank` from newuser u1_0
2025-01-07 21:52:48 - select u1_0.id,u1_0.email,u1_0.first_name,u1_0.games_played,u1_0.games_rate,u1_0.games_won,u1_0.last_name,u1_0.`rank` from newuser u1_0
2025-01-07 21:53:38 - select u1_0.id,u1_0.email,u1_0.first_name,u1_0.games_played,u1_0.games_rate,u1_0.games_won,u1_0.last_name,u1_0.`rank` from newuser u1_0
2025-01-07 21:54:31 - Commencing graceful shutdown. Waiting for active requests to complete
2025-01-07 21:54:31 - Graceful shutdown complete
2025-01-07 21:54:31 - Closing JPA EntityManagerFactory for persistence unit 'default'
2025-01-07 21:54:31 - HikariPool-1 - Shutdown initiated...
2025-01-07 21:54:32 - HikariPool-1 - Shutdown completed.
2025-01-07 21:57:52 - Starting DemoApplication using Java 23.0.1 with PID 17228 (C:\Users\bmene\Documents\Federico II\DS Proyecto Enero\A13\T\demo\target\classes started by bmene in C:\Users\bmene\Documents\Federico II\DS Proyecto Enero\A13\T\demo)
2025-01-07 21:57:52 - No active profile set, falling back to 1 default profile: "default"
2025-01-07 21:57:54 - Bootstrapping Spring Data JPA repositories in DEFAULT mode.
2025-01-07 21:57:54 - Finished Spring Data repository scanning in 155 ms. Found 1 JPA repository interface.
2025-01-07 21:57:55 - Tomcat initialized with port 8080 (http)
2025-01-07 21:57:56 - Starting service [Tomcat]
2025-01-07 21:57:56 - Starting Servlet engine: [Apache Tomcat/10.1.34]
2025-01-07 21:57:56 - Initializing Spring embedded WebApplicationContext
2025-01-07 21:57:56 - Root WebApplicationContext: initialization completed in 3254 ms
2025-01-07 21:57:56 - HHH000204: Processing PersistenceUnitInfo [name: default]
2025-01-07 21:57:56 - HHH000412: Hibernate ORM core version 6.6.4.Final
2025-01-07 21:57:56 - HHH000026: Second-level cache disabled
2025-01-07 21:57:57 - No LoadTimeWeaver setup: ignoring JPA class transformer
2025-01-07 21:57:57 - HikariPool-1 - Starting...
2025-01-07 21:57:59 - HikariPool-1 - Added connection com.mysql.cj.jdbc.ConnectionImpl@7b5833ee
2025-01-07 21:57:59 - HikariPool-1 - Start completed.
2025-01-07 21:57:59 - HHH90000025: MySQLDialect does not need to be specified explicitly using 'hibernate.dialect' (remove the property setting and it will be selected by default)
2025-01-07 21:57:59 - HHH10001005: Database info:
	Database JDBC URL [Connecting through datasource 'HikariDataSource (HikariPool-1)']
	Database driver: undefined/unknown
	Database version: 8.0.30
	Autocommit mode: undefined/unknown
	Isolation level: undefined/unknown
	Minimum pool size: undefined/unknown
	Maximum pool size: undefined/unknown
2025-01-07 21:57:59 - addDescriptor(12, org.hibernate.type.descriptor.sql.internal.CapacityDependentDdlType@70139a81) replaced previous registration(org.hibernate.type.descriptor.sql.internal.CapacityDependentDdlType@60f9dc7e)
2025-01-07 21:57:59 - addDescriptor(-9, org.hibernate.type.descriptor.sql.internal.CapacityDependentDdlType@15e5246) replaced previous registration(org.hibernate.type.descriptor.sql.internal.CapacityDependentDdlType@503556cb)
2025-01-07 21:57:59 - addDescriptor(-3, org.hibernate.type.descriptor.sql.internal.CapacityDependentDdlType@3c9e19de) replaced previous registration(org.hibernate.type.descriptor.sql.internal.CapacityDependentDdlType@12aa381f)
2025-01-07 21:57:59 - addDescriptor(4003, org.hibernate.type.descriptor.sql.internal.DdlTypeImpl@6115846e) replaced previous registration(org.hibernate.type.descriptor.sql.internal.DdlTypeImpl@1bec1589)
2025-01-07 21:57:59 - addDescriptor(4001, org.hibernate.type.descriptor.sql.internal.DdlTypeImpl@57f0bfc3) replaced previous registration(org.hibernate.type.descriptor.sql.internal.DdlTypeImpl@14590fe2)
2025-01-07 21:57:59 - addDescriptor(4002, org.hibernate.type.descriptor.sql.internal.DdlTypeImpl@5922cff3) replaced previous registration(org.hibernate.type.descriptor.sql.internal.DdlTypeImpl@2299d903)
2025-01-07 21:57:59 - addDescriptor(2004, org.hibernate.type.descriptor.sql.internal.CapacityDependentDdlType@70c56434) replaced previous registration(org.hibernate.type.descriptor.sql.internal.DdlTypeImpl@2c3f43d1)
2025-01-07 21:57:59 - addDescriptor(2005, org.hibernate.type.descriptor.sql.internal.CapacityDependentDdlType@632d4cf2) replaced previous registration(org.hibernate.type.descriptor.sql.internal.DdlTypeImpl@f10d055)
2025-01-07 21:57:59 - addDescriptor(2011, org.hibernate.type.descriptor.sql.internal.CapacityDependentDdlType@542ff147) replaced previous registration(org.hibernate.type.descriptor.sql.internal.DdlTypeImpl@2d801d8)
2025-01-07 21:58:01 - HHH000489: No JTA platform available (set 'hibernate.transaction.jta.platform' to enable JTA platform integration)
2025-01-07 21:58:02 - Initialized JPA EntityManagerFactory for persistence unit 'default'
2025-01-07 21:58:02 - spring.jpa.open-in-view is enabled by default. Therefore, database queries may be performed during view rendering. Explicitly configure spring.jpa.open-in-view to disable this warning
2025-01-07 21:58:03 - Tomcat started on port 8080 (http) with context path '/'
2025-01-07 21:58:03 - Started DemoApplication in 11.589 seconds (process running for 12.215)
2025-01-07 22:07:33 - Commencing graceful shutdown. Waiting for active requests to complete
2025-01-07 22:07:33 - Graceful shutdown complete
2025-01-07 22:07:33 - Closing JPA EntityManagerFactory for persistence unit 'default'
2025-01-07 22:07:33 - HikariPool-1 - Shutdown initiated...
2025-01-07 22:07:34 - HikariPool-1 - Shutdown completed.
2025-01-07 22:07:45 - Starting DemoApplication using Java 23.0.1 with PID 29180 (C:\Users\bmene\Documents\Federico II\DS Proyecto Enero\A13\T\demo\target\classes started by bmene in C:\Users\bmene\Documents\Federico II\DS Proyecto Enero\A13\T\demo)
2025-01-07 22:07:45 - No active profile set, falling back to 1 default profile: "default"
2025-01-07 22:07:46 - Bootstrapping Spring Data JPA repositories in DEFAULT mode.
2025-01-07 22:07:46 - Finished Spring Data repository scanning in 66 ms. Found 1 JPA repository interface.
2025-01-07 22:07:48 - Tomcat initialized with port 8080 (http)
2025-01-07 22:07:52 - Starting service [Tomcat]
2025-01-07 22:07:52 - Starting Servlet engine: [Apache Tomcat/10.1.34]
2025-01-07 22:07:56 - Initializing Spring embedded WebApplicationContext
2025-01-07 22:07:56 - Root WebApplicationContext: initialization completed in 10854 ms
2025-01-07 22:07:56 - HHH000204: Processing PersistenceUnitInfo [name: default]
2025-01-07 22:07:57 - HHH000412: Hibernate ORM core version 6.6.4.Final
2025-01-07 22:07:57 - HHH000026: Second-level cache disabled
2025-01-07 22:07:59 - No LoadTimeWeaver setup: ignoring JPA class transformer
2025-01-07 22:07:59 - HikariPool-1 - Starting...
2025-01-07 22:08:00 - HikariPool-1 - Added connection com.mysql.cj.jdbc.ConnectionImpl@4751cd3
2025-01-07 22:08:00 - HikariPool-1 - Start completed.
2025-01-07 22:08:00 - HHH90000025: MySQLDialect does not need to be specified explicitly using 'hibernate.dialect' (remove the property setting and it will be selected by default)
2025-01-07 22:08:00 - HHH10001005: Database info:
	Database JDBC URL [Connecting through datasource 'HikariDataSource (HikariPool-1)']
	Database driver: undefined/unknown
	Database version: 8.0.30
	Autocommit mode: undefined/unknown
	Isolation level: undefined/unknown
	Minimum pool size: undefined/unknown
	Maximum pool size: undefined/unknown
2025-01-07 22:08:00 - addDescriptor(12, org.hibernate.type.descriptor.sql.internal.CapacityDependentDdlType@6abb7b7d) replaced previous registration(org.hibernate.type.descriptor.sql.internal.CapacityDependentDdlType@34cf0e80)
2025-01-07 22:08:00 - addDescriptor(-9, org.hibernate.type.descriptor.sql.internal.CapacityDependentDdlType@38ef1a0a) replaced previous registration(org.hibernate.type.descriptor.sql.internal.CapacityDependentDdlType@56f9de3b)
2025-01-07 22:08:00 - addDescriptor(-3, org.hibernate.type.descriptor.sql.internal.CapacityDependentDdlType@6728370a) replaced previous registration(org.hibernate.type.descriptor.sql.internal.CapacityDependentDdlType@2b5f8e61)
2025-01-07 22:08:00 - addDescriptor(4003, org.hibernate.type.descriptor.sql.internal.DdlTypeImpl@6ba0ee4a) replaced previous registration(org.hibernate.type.descriptor.sql.internal.DdlTypeImpl@73b0ed03)
2025-01-07 22:08:00 - addDescriptor(4001, org.hibernate.type.descriptor.sql.internal.DdlTypeImpl@55061418) replaced previous registration(org.hibernate.type.descriptor.sql.internal.DdlTypeImpl@27db45f)
2025-01-07 22:08:00 - addDescriptor(4002, org.hibernate.type.descriptor.sql.internal.DdlTypeImpl@6ec3d8e4) replaced previous registration(org.hibernate.type.descriptor.sql.internal.DdlTypeImpl@1aeff8ca)
2025-01-07 22:08:00 - addDescriptor(2004, org.hibernate.type.descriptor.sql.internal.CapacityDependentDdlType@7f2c995b) replaced previous registration(org.hibernate.type.descriptor.sql.internal.DdlTypeImpl@101c15ad)
2025-01-07 22:08:00 - addDescriptor(2005, org.hibernate.type.descriptor.sql.internal.CapacityDependentDdlType@6068ebb2) replaced previous registration(org.hibernate.type.descriptor.sql.internal.DdlTypeImpl@5a466dd)
2025-01-07 22:08:00 - addDescriptor(2011, org.hibernate.type.descriptor.sql.internal.CapacityDependentDdlType@1ed9d173) replaced previous registration(org.hibernate.type.descriptor.sql.internal.DdlTypeImpl@6e981e78)
2025-01-07 22:08:03 - HHH000489: No JTA platform available (set 'hibernate.transaction.jta.platform' to enable JTA platform integration)
2025-01-07 22:08:04 - Initialized JPA EntityManagerFactory for persistence unit 'default'
2025-01-07 22:08:04 - spring.jpa.open-in-view is enabled by default. Therefore, database queries may be performed during view rendering. Explicitly configure spring.jpa.open-in-view to disable this warning
2025-01-07 22:08:05 - Tomcat started on port 8080 (http) with context path '/'
2025-01-07 22:08:05 - Started DemoApplication in 20.918 seconds (process running for 21.533)
2025-01-07 22:17:40 - Initializing Spring DispatcherServlet 'dispatcherServlet'
2025-01-07 22:17:41 - select u1_0.id,u1_0.email,u1_0.first_name,u1_0.games_played,u1_0.games_rate,u1_0.games_won,u1_0.last_name,u1_0.`rank` from newuser u1_0
2025-01-07 22:17:53 - select u1_0.id,u1_0.email,u1_0.first_name,u1_0.games_played,u1_0.games_rate,u1_0.games_won,u1_0.last_name,u1_0.`rank` from newuser u1_0
2025-01-07 22:17:56 - select u1_0.id,u1_0.email,u1_0.first_name,u1_0.games_played,u1_0.games_rate,u1_0.games_won,u1_0.last_name,u1_0.`rank` from newuser u1_0
2025-01-07 22:18:04 - select u1_0.id,u1_0.email,u1_0.first_name,u1_0.games_played,u1_0.games_rate,u1_0.games_won,u1_0.last_name,u1_0.`rank` from newuser u1_0
2025-01-07 22:23:41 - Commencing graceful shutdown. Waiting for active requests to complete
2025-01-07 22:23:41 - Graceful shutdown complete
2025-01-07 22:23:41 - Closing JPA EntityManagerFactory for persistence unit 'default'
2025-01-07 22:23:41 - HikariPool-1 - Shutdown initiated...
2025-01-07 22:23:41 - HikariPool-1 - Shutdown completed.
2025-01-07 22:26:12 - Starting DemoApplication using Java 23.0.1 with PID 8836 (C:\Users\bmene\Documents\Federico II\DS Proyecto Enero\A13\T\demo\target\classes started by bmene in C:\Users\bmene\Documents\Federico II\DS Proyecto Enero\A13\T\demo)
2025-01-07 22:26:12 - No active profile set, falling back to 1 default profile: "default"
2025-01-07 22:26:13 - Bootstrapping Spring Data JPA repositories in DEFAULT mode.
2025-01-07 22:26:13 - Finished Spring Data repository scanning in 61 ms. Found 1 JPA repository interface.
2025-01-07 22:26:14 - Tomcat initialized with port 8080 (http)
2025-01-07 22:26:14 - Starting service [Tomcat]
2025-01-07 22:26:14 - Starting Servlet engine: [Apache Tomcat/10.1.34]
2025-01-07 22:26:14 - Initializing Spring embedded WebApplicationContext
2025-01-07 22:26:14 - Root WebApplicationContext: initialization completed in 1920 ms
2025-01-07 22:26:14 - HHH000204: Processing PersistenceUnitInfo [name: default]
2025-01-07 22:26:14 - HHH000412: Hibernate ORM core version 6.6.4.Final
2025-01-07 22:26:14 - HHH000026: Second-level cache disabled
2025-01-07 22:26:15 - No LoadTimeWeaver setup: ignoring JPA class transformer
2025-01-07 22:26:15 - HikariPool-1 - Starting...
2025-01-07 22:26:16 - HikariPool-1 - Added connection com.mysql.cj.jdbc.ConnectionImpl@60652518
2025-01-07 22:26:16 - HikariPool-1 - Start completed.
2025-01-07 22:26:16 - HHH90000025: MySQLDialect does not need to be specified explicitly using 'hibernate.dialect' (remove the property setting and it will be selected by default)
2025-01-07 22:26:16 - HHH10001005: Database info:
	Database JDBC URL [Connecting through datasource 'HikariDataSource (HikariPool-1)']
	Database driver: undefined/unknown
	Database version: 8.0.30
	Autocommit mode: undefined/unknown
	Isolation level: undefined/unknown
	Minimum pool size: undefined/unknown
	Maximum pool size: undefined/unknown
2025-01-07 22:26:16 - addDescriptor(12, org.hibernate.type.descriptor.sql.internal.CapacityDependentDdlType@6e981e78) replaced previous registration(org.hibernate.type.descriptor.sql.internal.CapacityDependentDdlType@498a4d62)
2025-01-07 22:26:16 - addDescriptor(-9, org.hibernate.type.descriptor.sql.internal.CapacityDependentDdlType@6fbe4800) replaced previous registration(org.hibernate.type.descriptor.sql.internal.CapacityDependentDdlType@3f3c5ecd)
2025-01-07 22:26:16 - addDescriptor(-3, org.hibernate.type.descriptor.sql.internal.CapacityDependentDdlType@1179fc8c) replaced previous registration(org.hibernate.type.descriptor.sql.internal.CapacityDependentDdlType@a03529c)
2025-01-07 22:26:16 - addDescriptor(4003, org.hibernate.type.descriptor.sql.internal.DdlTypeImpl@1760e594) replaced previous registration(org.hibernate.type.descriptor.sql.internal.DdlTypeImpl@4af70b83)
2025-01-07 22:26:16 - addDescriptor(4001, org.hibernate.type.descriptor.sql.internal.DdlTypeImpl@143413cd) replaced previous registration(org.hibernate.type.descriptor.sql.internal.DdlTypeImpl@4b32465)
2025-01-07 22:26:16 - addDescriptor(4002, org.hibernate.type.descriptor.sql.internal.DdlTypeImpl@146f3d22) replaced previous registration(org.hibernate.type.descriptor.sql.internal.DdlTypeImpl@66b6873f)
2025-01-07 22:26:16 - addDescriptor(2004, org.hibernate.type.descriptor.sql.internal.CapacityDependentDdlType@52285a5f) replaced previous registration(org.hibernate.type.descriptor.sql.internal.DdlTypeImpl@4fa5cc73)
2025-01-07 22:26:16 - addDescriptor(2005, org.hibernate.type.descriptor.sql.internal.CapacityDependentDdlType@224e6e88) replaced previous registration(org.hibernate.type.descriptor.sql.internal.DdlTypeImpl@70139a81)
2025-01-07 22:26:16 - addDescriptor(2011, org.hibernate.type.descriptor.sql.internal.CapacityDependentDdlType@60f9dc7e) replaced previous registration(org.hibernate.type.descriptor.sql.internal.DdlTypeImpl@15e5246)
2025-01-07 22:26:18 - HHH000489: No JTA platform available (set 'hibernate.transaction.jta.platform' to enable JTA platform integration)
2025-01-07 22:26:19 - Initialized JPA EntityManagerFactory for persistence unit 'default'
2025-01-07 22:26:19 - spring.jpa.open-in-view is enabled by default. Therefore, database queries may be performed during view rendering. Explicitly configure spring.jpa.open-in-view to disable this warning
2025-01-07 22:26:20 - Tomcat started on port 8080 (http) with context path '/'
2025-01-07 22:26:20 - Started DemoApplication in 9.809 seconds (process running for 10.537)
2025-01-07 22:27:48 - Initializing Spring DispatcherServlet 'dispatcherServlet'
2025-01-07 22:27:49 - select u1_0.id,u1_0.email,u1_0.first_name,u1_0.games_played,u1_0.games_rate,u1_0.games_won,u1_0.last_name,u1_0.`rank` from newuser u1_0
2025-01-07 22:27:51 - select u1_0.id,u1_0.email,u1_0.first_name,u1_0.games_played,u1_0.games_rate,u1_0.games_won,u1_0.last_name,u1_0.`rank` from newuser u1_0
2025-01-07 22:32:12 - Commencing graceful shutdown. Waiting for active requests to complete
2025-01-07 22:32:12 - Graceful shutdown complete
2025-01-07 22:32:12 - Closing JPA EntityManagerFactory for persistence unit 'default'
2025-01-07 22:32:12 - HikariPool-1 - Shutdown initiated...
2025-01-07 22:32:12 - HikariPool-1 - Shutdown completed.
2025-01-07 22:34:30 - Starting DemoApplication using Java 23.0.1 with PID 25436 (C:\Users\bmene\Documents\Federico II\DS Proyecto Enero\A13\T\demo\target\classes started by bmene in C:\Users\bmene\Documents\Federico II\DS Proyecto Enero\A13\T\demo)
2025-01-07 22:34:30 - No active profile set, falling back to 1 default profile: "default"
2025-01-07 22:34:31 - Bootstrapping Spring Data JPA repositories in DEFAULT mode.
2025-01-07 22:34:31 - Finished Spring Data repository scanning in 86 ms. Found 1 JPA repository interface.
2025-01-07 22:34:32 - Tomcat initialized with port 8080 (http)
2025-01-07 22:34:32 - Starting service [Tomcat]
2025-01-07 22:34:32 - Starting Servlet engine: [Apache Tomcat/10.1.34]
2025-01-07 22:34:32 - Initializing Spring embedded WebApplicationContext
2025-01-07 22:34:32 - Root WebApplicationContext: initialization completed in 2526 ms
2025-01-07 22:34:33 - HHH000204: Processing PersistenceUnitInfo [name: default]
2025-01-07 22:34:33 - HHH000412: Hibernate ORM core version 6.6.4.Final
2025-01-07 22:34:33 - HHH000026: Second-level cache disabled
2025-01-07 22:34:34 - No LoadTimeWeaver setup: ignoring JPA class transformer
2025-01-07 22:34:34 - HikariPool-1 - Starting...
2025-01-07 22:34:36 - HikariPool-1 - Added connection com.mysql.cj.jdbc.ConnectionImpl@40cf6254
2025-01-07 22:34:36 - HikariPool-1 - Start completed.
2025-01-07 22:34:37 - HHH90000025: MySQLDialect does not need to be specified explicitly using 'hibernate.dialect' (remove the property setting and it will be selected by default)
2025-01-07 22:34:37 - HHH10001005: Database info:
	Database JDBC URL [Connecting through datasource 'HikariDataSource (HikariPool-1)']
	Database driver: undefined/unknown
	Database version: 8.0.30
	Autocommit mode: undefined/unknown
	Isolation level: undefined/unknown
	Minimum pool size: undefined/unknown
	Maximum pool size: undefined/unknown
2025-01-07 22:34:37 - addDescriptor(12, org.hibernate.type.descriptor.sql.internal.CapacityDependentDdlType@1760e594) replaced previous registration(org.hibernate.type.descriptor.sql.internal.CapacityDependentDdlType@4af70b83)
2025-01-07 22:34:37 - addDescriptor(-9, org.hibernate.type.descriptor.sql.internal.CapacityDependentDdlType@143413cd) replaced previous registration(org.hibernate.type.descriptor.sql.internal.CapacityDependentDdlType@4b32465)
2025-01-07 22:34:37 - addDescriptor(-3, org.hibernate.type.descriptor.sql.internal.CapacityDependentDdlType@146f3d22) replaced previous registration(org.hibernate.type.descriptor.sql.internal.CapacityDependentDdlType@66b6873f)
2025-01-07 22:34:37 - addDescriptor(4003, org.hibernate.type.descriptor.sql.internal.DdlTypeImpl@52285a5f) replaced previous registration(org.hibernate.type.descriptor.sql.internal.DdlTypeImpl@4fa5cc73)
2025-01-07 22:34:37 - addDescriptor(4001, org.hibernate.type.descriptor.sql.internal.DdlTypeImpl@224e6e88) replaced previous registration(org.hibernate.type.descriptor.sql.internal.DdlTypeImpl@70139a81)
2025-01-07 22:34:37 - addDescriptor(4002, org.hibernate.type.descriptor.sql.internal.DdlTypeImpl@60f9dc7e) replaced previous registration(org.hibernate.type.descriptor.sql.internal.DdlTypeImpl@15e5246)
2025-01-07 22:34:37 - addDescriptor(2004, org.hibernate.type.descriptor.sql.internal.CapacityDependentDdlType@503556cb) replaced previous registration(org.hibernate.type.descriptor.sql.internal.DdlTypeImpl@3c9e19de)
2025-01-07 22:34:37 - addDescriptor(2005, org.hibernate.type.descriptor.sql.internal.CapacityDependentDdlType@12aa381f) replaced previous registration(org.hibernate.type.descriptor.sql.internal.DdlTypeImpl@6115846e)
2025-01-07 22:34:37 - addDescriptor(2011, org.hibernate.type.descriptor.sql.internal.CapacityDependentDdlType@1bec1589) replaced previous registration(org.hibernate.type.descriptor.sql.internal.DdlTypeImpl@57f0bfc3)
2025-01-07 22:34:39 - HHH000489: No JTA platform available (set 'hibernate.transaction.jta.platform' to enable JTA platform integration)
2025-01-07 22:34:39 - Initialized JPA EntityManagerFactory for persistence unit 'default'
2025-01-07 22:34:40 - spring.jpa.open-in-view is enabled by default. Therefore, database queries may be performed during view rendering. Explicitly configure spring.jpa.open-in-view to disable this warning
2025-01-07 22:34:41 - Tomcat started on port 8080 (http) with context path '/'
2025-01-07 22:34:41 - Started DemoApplication in 11.866 seconds (process running for 12.595)
2025-01-07 22:35:18 - Initializing Spring DispatcherServlet 'dispatcherServlet'
2025-01-07 22:35:18 - select u1_0.id,u1_0.email,u1_0.first_name,u1_0.games_played,u1_0.games_rate,u1_0.games_won,u1_0.last_name,u1_0.`rank` from newuser u1_0
2025-01-07 22:39:53 - select u1_0.id,u1_0.email,u1_0.first_name,u1_0.games_played,u1_0.games_rate,u1_0.games_won,u1_0.last_name,u1_0.`rank` from newuser u1_0
2025-01-07 22:39:55 - select u1_0.id,u1_0.email,u1_0.first_name,u1_0.games_played,u1_0.games_rate,u1_0.games_won,u1_0.last_name,u1_0.`rank` from newuser u1_0
2025-01-07 22:39:56 - select u1_0.id,u1_0.email,u1_0.first_name,u1_0.games_played,u1_0.games_rate,u1_0.games_won,u1_0.last_name,u1_0.`rank` from newuser u1_0
2025-01-07 22:40:03 - Commencing graceful shutdown. Waiting for active requests to complete
2025-01-07 22:40:03 - Graceful shutdown complete
2025-01-07 22:40:03 - Closing JPA EntityManagerFactory for persistence unit 'default'
2025-01-07 22:40:03 - HikariPool-1 - Shutdown initiated...
2025-01-07 22:40:04 - HikariPool-1 - Shutdown completed.
